/*C2*/SET SCHEMA PUBLIC
DISCONNECT
/*C4*/SET SCHEMA PUBLIC
DISCONNECT
/*C6*/SET SCHEMA PUBLIC
DISCONNECT
/*C3*/SET SCHEMA PUBLIC
DISCONNECT
/*C5*/SET SCHEMA PUBLIC
DISCONNECT
/*C8*/SET SCHEMA PUBLIC
DISCONNECT
/*C9*/SET SCHEMA PUBLIC
DISCONNECT
/*C7*/SET SCHEMA PUBLIC
DISCONNECT
/*C11*/SET SCHEMA PUBLIC
DISCONNECT
/*C10*/SET SCHEMA PUBLIC
DISCONNECT
/*C14*/SET SCHEMA PUBLIC
DISCONNECT
/*C12*/SET SCHEMA PUBLIC
DISCONNECT
/*C15*/SET SCHEMA PUBLIC
DISCONNECT
/*C13*/SET SCHEMA PUBLIC
DISCONNECT
/*C16*/SET SCHEMA PUBLIC
DISCONNECT
/*C17*/SET SCHEMA PUBLIC
INSERT INTO TB_CONTATO VALUES(11,'1993-07-26','98884-2950','jo\u00c3\u00a3o Victor',NULL)
COMMIT
DISCONNECT
/*C19*/SET SCHEMA PUBLIC
DISCONNECT
/*C18*/SET SCHEMA PUBLIC
DISCONNECT
/*C20*/SET SCHEMA PUBLIC
DISCONNECT
/*C21*/SET SCHEMA PUBLIC
INSERT INTO TB_CONTATO VALUES(12,'1980-12-12','98870-7070','Goku',1)
COMMIT
/*C23*/SET SCHEMA PUBLIC
DISCONNECT
/*C21*/DISCONNECT
/*C22*/SET SCHEMA PUBLIC
DISCONNECT
/*C24*/SET SCHEMA PUBLIC
DISCONNECT
/*C25*/SET SCHEMA PUBLIC
DISCONNECT
/*C26*/SET SCHEMA PUBLIC
DISCONNECT
/*C27*/SET SCHEMA PUBLIC
DISCONNECT
/*C29*/SET SCHEMA PUBLIC
DISCONNECT
/*C28*/SET SCHEMA PUBLIC
DISCONNECT
/*C30*/SET SCHEMA PUBLIC
INSERT INTO TB_CONTATO VALUES(13,'2001-02-22','889988998','Bills',2)
COMMIT
/*C31*/SET SCHEMA PUBLIC
DISCONNECT
/*C30*/DISCONNECT
/*C33*/SET SCHEMA PUBLIC
DISCONNECT
/*C32*/SET SCHEMA PUBLIC
DISCONNECT
/*C35*/SET SCHEMA PUBLIC
DISCONNECT
/*C34*/SET SCHEMA PUBLIC
DISCONNECT
/*C37*/SET SCHEMA PUBLIC
DISCONNECT
/*C36*/SET SCHEMA PUBLIC
DISCONNECT
/*C38*/SET SCHEMA PUBLIC
DISCONNECT
/*C40*/SET SCHEMA PUBLIC
INSERT INTO TB_CONTATO VALUES(14,'1993-07-26','98884-2950','jo\u00c3\u0083\u00c2\u00a3o Victor',2)
COMMIT
INSERT INTO TB_CONTATO VALUES(15,'1993-07-26','98884-2950','jo\u00c3\u0083\u00c2\u00a3o Victor',2)
COMMIT
INSERT INTO TB_CONTATO VALUES(16,'2001-02-22','889988999','Bills',2)
COMMIT
/*C41*/SET SCHEMA PUBLIC
INSERT INTO TB_CONTATO VALUES(17,'1980-12-12','98870-7077','Goku',1)
COMMIT
/*C39*/SET SCHEMA PUBLIC
DISCONNECT
/*C42*/SET SCHEMA PUBLIC
DISCONNECT
/*C40*/DISCONNECT
/*C41*/DISCONNECT
/*C43*/SET SCHEMA PUBLIC
DELETE FROM TB_CONTATO WHERE ID_CONTATO=17
INSERT INTO TB_CONTATO VALUES(17,'1980-12-12','98870-7080','Goku',1)
COMMIT
DISCONNECT
/*C44*/SET SCHEMA PUBLIC
DISCONNECT
/*C45*/SET SCHEMA PUBLIC
DISCONNECT
/*C47*/SET SCHEMA PUBLIC
DISCONNECT
/*C48*/SET SCHEMA PUBLIC
DISCONNECT
/*C46*/SET SCHEMA PUBLIC
DISCONNECT
/*C51*/SET SCHEMA PUBLIC
DISCONNECT
/*C49*/SET SCHEMA PUBLIC
DISCONNECT
/*C52*/SET SCHEMA PUBLIC
DISCONNECT
/*C50*/SET SCHEMA PUBLIC
DISCONNECT
/*C53*/SET SCHEMA PUBLIC
DISCONNECT
/*C55*/SET SCHEMA PUBLIC
DISCONNECT
/*C54*/SET SCHEMA PUBLIC
DISCONNECT
/*C56*/SET SCHEMA PUBLIC
INSERT INTO TB_OPERADORA VALUES(4,'Tim',NULL)
COMMIT
/*C57*/SET SCHEMA PUBLIC
DISCONNECT
/*C58*/SET SCHEMA PUBLIC
DISCONNECT
/*C56*/DISCONNECT
/*C59*/SET SCHEMA PUBLIC
INSERT INTO TB_OPERADORA VALUES(5,'Oi',NULL)
COMMIT
/*C60*/SET SCHEMA PUBLIC
DISCONNECT
/*C59*/DISCONNECT
/*C61*/SET SCHEMA PUBLIC
INSERT INTO TB_OPERADORA VALUES(6,'teste',NULL)
COMMIT
/*C62*/SET SCHEMA PUBLIC
DISCONNECT
/*C63*/SET SCHEMA PUBLIC
DISCONNECT
/*C61*/DISCONNECT
/*C64*/SET SCHEMA PUBLIC
DISCONNECT
/*C65*/SET SCHEMA PUBLIC
DISCONNECT
/*C66*/SET SCHEMA PUBLIC
DISCONNECT
/*C67*/SET SCHEMA PUBLIC
INSERT INTO TB_OPERADORA VALUES(7,'Mzr',NULL)
COMMIT
/*C68*/SET SCHEMA PUBLIC
DISCONNECT
/*C67*/DISCONNECT
/*C70*/SET SCHEMA PUBLIC
INSERT INTO TB_OPERADORA VALUES(8,'Pega Mzr',NULL)
COMMIT
/*C71*/SET SCHEMA PUBLIC
DISCONNECT
/*C70*/DISCONNECT
/*C72*/SET SCHEMA PUBLIC
INSERT INTO TB_OPERADORA VALUES(9,'Tomar no cu',NULL)
COMMIT
INSERT INTO TB_OPERADORA VALUES(10,'Tomar no cu',NULL)
COMMIT
/*C74*/SET SCHEMA PUBLIC
DISCONNECT
/*C72*/DISCONNECT
/*C73*/SET SCHEMA PUBLIC
DISCONNECT
/*C75*/SET SCHEMA PUBLIC
DISCONNECT
/*C78*/SET SCHEMA PUBLIC
INSERT INTO TB_OPERADORA VALUES(11,'Agora vai',NULL)
COMMIT
DISCONNECT
/*C76*/SET SCHEMA PUBLIC
DISCONNECT
/*C77*/SET SCHEMA PUBLIC
DISCONNECT
/*C79*/SET SCHEMA PUBLIC
DISCONNECT
/*C80*/SET SCHEMA PUBLIC
INSERT INTO TB_OPERADORA VALUES(12,'Vai mzr funciona',78)
COMMIT
/*C81*/SET SCHEMA PUBLIC
DISCONNECT
/*C80*/DISCONNECT
/*C82*/SET SCHEMA PUBLIC
DISCONNECT
/*C84*/SET SCHEMA PUBLIC
DISCONNECT
/*C83*/SET SCHEMA PUBLIC
DISCONNECT
/*C85*/SET SCHEMA PUBLIC
DISCONNECT
/*C86*/SET SCHEMA PUBLIC
INSERT INTO TB_OPERADORA VALUES(13,'Agora vai',27)
COMMIT
/*C87*/SET SCHEMA PUBLIC
DISCONNECT
/*C88*/SET SCHEMA PUBLIC
DISCONNECT
/*C86*/DISCONNECT
/*C89*/SET SCHEMA PUBLIC
DELETE FROM TB_OPERADORA WHERE ID_OPERADORA=9
INSERT INTO TB_OPERADORA VALUES(9,'Tomar no cu',66)
COMMIT
/*C90*/SET SCHEMA PUBLIC
DISCONNECT
/*C89*/DISCONNECT
/*C92*/SET SCHEMA PUBLIC
DISCONNECT
/*C91*/SET SCHEMA PUBLIC
DISCONNECT
/*C94*/SET SCHEMA PUBLIC
DISCONNECT
/*C93*/SET SCHEMA PUBLIC
DISCONNECT
/*C96*/SET SCHEMA PUBLIC
DISCONNECT
/*C95*/SET SCHEMA PUBLIC
DISCONNECT
/*C98*/SET SCHEMA PUBLIC
DISCONNECT
/*C97*/SET SCHEMA PUBLIC
DISCONNECT
/*C100*/SET SCHEMA PUBLIC
DISCONNECT
/*C101*/SET SCHEMA PUBLIC
DISCONNECT
/*C99*/SET SCHEMA PUBLIC
DISCONNECT
/*C103*/SET SCHEMA PUBLIC
DISCONNECT
/*C102*/SET SCHEMA PUBLIC
DISCONNECT
/*C105*/SET SCHEMA PUBLIC
DISCONNECT
/*C104*/SET SCHEMA PUBLIC
DISCONNECT
/*C107*/SET SCHEMA PUBLIC
DISCONNECT
/*C106*/SET SCHEMA PUBLIC
DISCONNECT
/*C109*/SET SCHEMA PUBLIC
DISCONNECT
/*C108*/SET SCHEMA PUBLIC
DISCONNECT
/*C111*/SET SCHEMA PUBLIC
DISCONNECT
/*C110*/SET SCHEMA PUBLIC
DISCONNECT
/*C113*/SET SCHEMA PUBLIC
DISCONNECT
/*C112*/SET SCHEMA PUBLIC
DISCONNECT
/*C115*/SET SCHEMA PUBLIC
DISCONNECT
/*C114*/SET SCHEMA PUBLIC
DISCONNECT
/*C117*/SET SCHEMA PUBLIC
DISCONNECT
/*C116*/SET SCHEMA PUBLIC
DISCONNECT
/*C119*/SET SCHEMA PUBLIC
DISCONNECT
/*C118*/SET SCHEMA PUBLIC
DISCONNECT
/*C69*/SET SCHEMA PUBLIC
DISCONNECT
